#
# There is insufficient memory for the Java Runtime Environment to continue.
# Native memory allocation (mmap) failed to map 268435456 bytes for G1 virtual space
# Possible reasons:
#   The system is out of physical RAM or swap space
#   The process is running with CompressedOops enabled, and the Java Heap may be blocking the growth of the native heap
# Possible solutions:
#   Reduce memory load on the system
#   Increase physical memory or swap space
#   Check if swap backing store is full
#   Decrease Java heap size (-Xmx/-Xms)
#   Decrease number of Java threads
#   Decrease Java thread stack sizes (-Xss)
#   Set larger code cache with -XX:ReservedCodeCacheSize=
#   JVM is running with Zero Based Compressed Oops mode in which the Java heap is
#     placed in the first 32GB address space. The Java Heap base address is the
#     maximum limit for the native heap growth. Please use -XX:HeapBaseMinAddress
#     to set the Java Heap base and to place the Java Heap above 32GB virtual address.
# This output file may be truncated or incomplete.
#
#  Out of Memory Error (os_windows.cpp:3466), pid=11840, tid=4680
#
# JRE version:  (16.0.2+7) (build )
# Java VM: Java HotSpot(TM) 64-Bit Server VM (16.0.2+7-67, mixed mode, sharing, tiered, compressed oops, compressed class ptrs, g1 gc, windows-amd64)
# No core dump will be written. Minidumps are not enabled by default on client versions of Windows
#

---------------  S U M M A R Y ------------

Command Line: -Dmaven.multiModuleProjectDirectory=C:\Users\Ning\Desktop\SiteMapPlugin -Djansi.passthrough=true -Dmaven.home=E:\JetBrains\IntelliJ IDEA 2023.1\plugins\maven\lib\maven3 -Dclassworlds.conf=E:\JetBrains\IntelliJ IDEA 2023.1\plugins\maven\lib\maven3\bin\m2.conf -Dmaven.ext.class.path=E:\JetBrains\IntelliJ IDEA 2023.1\plugins\maven\lib\maven-event-listener.jar -javaagent:E:\JetBrains\IntelliJ IDEA 2023.1\lib\idea_rt.jar=52193:E:\JetBrains\IntelliJ IDEA 2023.1\bin -Dfile.encoding=UTF-8 org.codehaus.classworlds.Launcher -Didea.version=2023.1.5 package

Host: Intel(R) Core(TM) i5-7300HQ CPU @ 2.50GHz, 4 cores, 15G,  Windows 10 , 64 bit Build 19041 (10.0.19041.3155)
Time: Wed Aug  2 21:22:46 2023  Windows 10 , 64 bit Build 19041 (10.0.19041.3155) elapsed time: 0.012185 seconds (0d 0h 0m 0s)

---------------  T H R E A D  ---------------

Current thread (0x0000016ebb29eb50):  JavaThread "Unknown thread" [_thread_in_vm, id=4680, stack(0x00000021e3900000,0x00000021e3a00000)]

Stack: [0x00000021e3900000,0x00000021e3a00000]
Native frames: (J=compiled Java code, j=interpreted, Vv=VM code, C=native code)
V  [jvm.dll+0x6681ca]
V  [jvm.dll+0x7c9e69]
V  [jvm.dll+0x7cb61e]
V  [jvm.dll+0x7cbc73]
V  [jvm.dll+0x242c55]
V  [jvm.dll+0x664f89]
V  [jvm.dll+0x659b75]
V  [jvm.dll+0x2fbfbb]
V  [jvm.dll+0x3031b6]
V  [jvm.dll+0x35299e]
V  [jvm.dll+0x352bcf]
V  [jvm.dll+0x2d3028]
V  [jvm.dll+0x2d4264]
V  [jvm.dll+0x79c741]
V  [jvm.dll+0x360791]
V  [jvm.dll+0x77a3f0]
V  [jvm.dll+0x3e4e8f]
V  [jvm.dll+0x3e6961]
C  [jli.dll+0x52fb]
C  [ucrtbase.dll+0x21bb2]
C  [KERNEL32.DLL+0x17614]
C  [ntdll.dll+0x526b1]


---------------  P R O C E S S  ---------------

Threads class SMR info:
_java_thread_list=0x00007ffdd4c5cbb8, length=0, elements={
}

Java Threads: ( => current thread )

Other Threads:
  0x0000016ebb2ee770 GCTaskThread "GC Thread#0" [stack: 0x00000021e3a00000,0x00000021e3b00000] [id=15640]
  0x0000016ebb2ff700 ConcurrentGCThread "G1 Main Marker" [stack: 0x00000021e3b00000,0x00000021e3c00000] [id=15844]
  0x0000016ebb301180 ConcurrentGCThread "G1 Conc#0" [stack: 0x00000021e3c00000,0x00000021e3d00000] [id=14596]

[error occurred during error reporting (printing all threads), id 0xc0000005, EXCEPTION_ACCESS_VIOLATION (0xc0000005) at pc=0x00007ffdd4433ee7]

VM state: not at safepoint (not fully initialized)

VM Mutex/Monitor currently owned by a thread:  ([mutex/lock_event])
[0x0000016ebb29a640] Heap_lock - owner thread: 0x0000016ebb29eb50

Heap address: 0x0000000701a00000, size: 4070 MB, Compressed Oops mode: Zero based, Oop shift amount: 3

CDS archive(s) mapped at: [0x0000000000000000-0x0000000000000000-0x0000000000000000), size 0, SharedBaseAddress: 0x0000000800000000, ArchiveRelocationMode: 0.
Narrow klass base: 0x0000000000000000, Narrow klass shift: 0, Narrow klass range: 0x0

GC Precious Log:
<Empty>

Heap:
 garbage-first heap   total 0K, used 0K [0x0000000701a00000, 0x0000000800000000)
  region size 2048K, 0 young (0K), 0 survivors (0K)

[error occurred during error reporting (printing heap information), id 0xc0000005, EXCEPTION_ACCESS_VIOLATION (0xc0000005) at pc=0x00007ffdd4811eed]

GC Heap History (0 events):
No events

Deoptimization events (0 events):
No events

Classes unloaded (0 events):
No events

Classes redefined (0 events):
No events

Internal exceptions (0 events):
No events

Events (1 events):
Event: 0.008 Loaded shared library E:\Java\jdk-16.0.2\bin\java.dll


Dynamic libraries:
0x00007ff6b6530000 - 0x00007ff6b6540000 	E:\Java\jdk-16.0.2\bin\java.exe
0x00007ffe2df50000 - 0x00007ffe2e148000 	C:\WINDOWS\SYSTEM32\ntdll.dll
0x00007ffe2db70000 - 0x00007ffe2dc2f000 	C:\WINDOWS\System32\KERNEL32.DLL
0x00007ffe2bc60000 - 0x00007ffe2bf56000 	C:\WINDOWS\System32\KERNELBASE.dll
0x00007ffe28ac0000 - 0x00007ffe28b51000 	C:\WINDOWS\SYSTEM32\apphelp.dll
0x00007ffe2b630000 - 0x00007ffe2b730000 	C:\WINDOWS\System32\ucrtbase.dll
0x00007ffe27020000 - 0x00007ffe27039000 	E:\Java\jdk-16.0.2\bin\VCRUNTIME140.dll
0x00007ffe27040000 - 0x00007ffe27058000 	E:\Java\jdk-16.0.2\bin\jli.dll
0x00007ffe2c0f0000 - 0x00007ffe2c19f000 	C:\WINDOWS\System32\ADVAPI32.dll
0x00007ffe2c910000 - 0x00007ffe2c9ae000 	C:\WINDOWS\System32\msvcrt.dll
0x00007ffe2c040000 - 0x00007ffe2c0dc000 	C:\WINDOWS\System32\sechost.dll
0x00007ffe2d520000 - 0x00007ffe2d646000 	C:\WINDOWS\System32\RPCRT4.dll
0x00007ffe2ca10000 - 0x00007ffe2cbad000 	C:\WINDOWS\System32\USER32.dll
0x00007ffe2b730000 - 0x00007ffe2b752000 	C:\WINDOWS\System32\win32u.dll
0x00007ffe2c9b0000 - 0x00007ffe2c9dc000 	C:\WINDOWS\System32\GDI32.dll
0x00007ffe2b8b0000 - 0x00007ffe2b9c5000 	C:\WINDOWS\System32\gdi32full.dll
0x00007ffe2b810000 - 0x00007ffe2b8ad000 	C:\WINDOWS\System32\msvcp_win.dll
0x00007ffe1afd0000 - 0x00007ffe1b26a000 	C:\WINDOWS\WinSxS\amd64_microsoft.windows.common-controls_6595b64144ccf1df_6.0.19041.1110_none_60b5254171f9507e\COMCTL32.dll
0x00007ffe22ab0000 - 0x00007ffe22aba000 	C:\WINDOWS\SYSTEM32\VERSION.dll
0x00007ffe2c9e0000 - 0x00007ffe2ca10000 	C:\WINDOWS\System32\IMM32.DLL
0x00007ffe26860000 - 0x00007ffe2686c000 	E:\Java\jdk-16.0.2\bin\vcruntime140_1.dll
0x00007ffe1e6c0000 - 0x00007ffe1e751000 	E:\Java\jdk-16.0.2\bin\msvcp140.dll
0x00007ffdd4150000 - 0x00007ffdd4cfb000 	E:\Java\jdk-16.0.2\bin\server\jvm.dll
0x00007ffe2d650000 - 0x00007ffe2d658000 	C:\WINDOWS\System32\PSAPI.DLL
0x00007ffdfba00000 - 0x00007ffdfba09000 	C:\WINDOWS\SYSTEM32\WSOCK32.dll
0x00007ffe1bb20000 - 0x00007ffe1bb47000 	C:\WINDOWS\SYSTEM32\WINMM.dll
0x00007ffe2db00000 - 0x00007ffe2db6b000 	C:\WINDOWS\System32\WS2_32.dll
0x00007ffe29e20000 - 0x00007ffe29e32000 	C:\WINDOWS\SYSTEM32\kernel.appcore.dll
0x00007ffe26850000 - 0x00007ffe2685a000 	E:\Java\jdk-16.0.2\bin\jimage.dll
0x00007ffe29a90000 - 0x00007ffe29c74000 	C:\WINDOWS\SYSTEM32\DBGHELP.DLL
0x00007ffe21740000 - 0x00007ffe21774000 	C:\WINDOWS\SYSTEM32\dbgcore.DLL
0x00007ffe2bb60000 - 0x00007ffe2bbe2000 	C:\WINDOWS\System32\bcryptPrimitives.dll
0x00007ffe26830000 - 0x00007ffe2683e000 	E:\Java\jdk-16.0.2\bin\instrument.dll
0x00007ffe26260000 - 0x00007ffe26285000 	E:\Java\jdk-16.0.2\bin\java.dll

dbghelp: loaded successfully - version: 4.0.5 - missing functions: none
symbol engine: initialized successfully - sym options: 0x614 - pdb path: .;E:\Java\jdk-16.0.2\bin;C:\WINDOWS\SYSTEM32;C:\WINDOWS\WinSxS\amd64_microsoft.windows.common-controls_6595b64144ccf1df_6.0.19041.1110_none_60b5254171f9507e;E:\Java\jdk-16.0.2\bin\server

VM Arguments:
jvm_args: -Dmaven.multiModuleProjectDirectory=C:\Users\Ning\Desktop\SiteMapPlugin -Djansi.passthrough=true -Dmaven.home=E:\JetBrains\IntelliJ IDEA 2023.1\plugins\maven\lib\maven3 -Dclassworlds.conf=E:\JetBrains\IntelliJ IDEA 2023.1\plugins\maven\lib\maven3\bin\m2.conf -Dmaven.ext.class.path=E:\JetBrains\IntelliJ IDEA 2023.1\plugins\maven\lib\maven-event-listener.jar -javaagent:E:\JetBrains\IntelliJ IDEA 2023.1\lib\idea_rt.jar=52193:E:\JetBrains\IntelliJ IDEA 2023.1\bin -Dfile.encoding=UTF-8 
java_command: org.codehaus.classworlds.Launcher -Didea.version=2023.1.5 package
java_class_path (initial): E:\JetBrains\IntelliJ IDEA 2023.1\plugins\maven\lib\maven3\boot\plexus-classworlds-2.6.0.jar;E:\JetBrains\IntelliJ IDEA 2023.1\plugins\maven\lib\maven3\boot\plexus-classworlds.license
Launcher Type: SUN_STANDARD

[Global flags]
     intx CICompilerCount                          = 3                                         {product} {ergonomic}
     uint ConcGCThreads                            = 1                                         {product} {ergonomic}
     uint G1ConcRefinementThreads                  = 4                                         {product} {ergonomic}
   size_t G1HeapRegionSize                         = 2097152                                   {product} {ergonomic}
    uintx GCDrainStackTargetSize                   = 64                                        {product} {ergonomic}
   size_t InitialHeapSize                          = 268435456                                 {product} {ergonomic}
   size_t MarkStackSize                            = 4194304                                   {product} {ergonomic}
   size_t MaxHeapSize                              = 4267704320                                {product} {ergonomic}
   size_t MinHeapDeltaBytes                        = 2097152                                   {product} {ergonomic}
   size_t MinHeapSize                              = 8388608                                   {product} {ergonomic}
    uintx NonNMethodCodeHeapSize                   = 5832780                                {pd product} {ergonomic}
    uintx NonProfiledCodeHeapSize                  = 122912730                              {pd product} {ergonomic}
    uintx ProfiledCodeHeapSize                     = 122912730                              {pd product} {ergonomic}
    uintx ReservedCodeCacheSize                    = 251658240                              {pd product} {ergonomic}
     bool SegmentedCodeCache                       = true                                      {product} {ergonomic}
   size_t SoftMaxHeapSize                          = 4267704320                             {manageable} {ergonomic}
     bool UseCompressedClassPointers               = true                           {product lp64_product} {ergonomic}
     bool UseCompressedOops                        = true                           {product lp64_product} {ergonomic}
     bool UseG1GC                                  = true                                      {product} {ergonomic}
     bool UseLargePagesIndividualAllocation        = false                                  {pd product} {ergonomic}

Logging:
Log output configuration:
 #0: stdout all=warning uptime,level,tags
 #1: stderr all=off uptime,level,tags

Environment Variables:
JAVA_HOME=E:\Java\jdk-16.0.2
PATH=C:\Windows;C:\Windows\System32;C:\WINDOWS\system32;C:\WINDOWS;C:\WINDOWS\System32\Wbem;C:\WINDOWS\System32\WindowsPowerShell\v1.0\;C:\WINDOWS\System32\OpenSSH\;E:\miniconda3\envs\cf\Lib\site-packages\pywin32_system32;C:\Program Files (x86)\NVIDIA Corporation\PhysX\Common;C:\Program Files\NVIDIA Corporation\NVIDIA NvDLISR;C:\WINDOWS\system32;C:\WINDOWS;C:\WINDOWS\System32\Wbem;C:\WINDOWS\System32\WindowsPowerShell\v1.0\;C:\WINDOWS\System32\OpenSSH\;D:\Xshell 7\;E:\Git\cmd;E:\Java\jre1.8.0_171\bin;E:\miniconda3;E:\miniconda3\Library\mingw-w64\bin;E:\miniconda3\Library\usr\bin;E:\miniconda3\Library\bin;E:\miniconda3\Scripts;C:\Users\Ning\AppData\Local\Microsoft\WindowsApps;E:\Microsoft VS Code\bin;C:\Users\Ning\AppData\Roaming\npm;E:\JetBrains\IntelliJ IDEA 2022.2.2\bin;D:\Oracle\VirtualBox;E:\nodejs\;C:\Program Files\dotnet\;;D:\Tencent\微信web开发者工具\dll;E:\JetBrains\IntelliJ IDEA 2023.1\bin
USERNAME=Ning
OS=Windows_NT
PROCESSOR_IDENTIFIER=Intel64 Family 6 Model 158 Stepping 9, GenuineIntel



---------------  S Y S T E M  ---------------

OS:
 Windows 10 , 64 bit Build 19041 (10.0.19041.3155)
OS uptime: 1 days 21:18 hours
Hyper-V role detected

CPU: total 4 (initial active 4) (4 cores per cpu, 1 threads per core) family 6 model 158 stepping 9 microcode 0xb4, cx8, cmov, fxsr, mmx, 3dnowpref, sse, sse2, sse3, ssse3, sse4.1, sse4.2, popcnt, lzcnt, tsc, tscinvbit, avx, avx2, aes, erms, clmul, bmi1, bmi2, adx, fma, vzeroupper, clflush, clflushopt, hv

Memory: 4k page, system-wide physical 16276M (2897M free)
TotalPageFile size 16276M (AvailPageFile size 210M)
current process WorkingSet (physical memory assigned to process): 10M, peak: 10M
current process commit charge ("private bytes"): 51M, peak: 307M

vm_info: Java HotSpot(TM) 64-Bit Server VM (16.0.2+7-67) for windows-amd64 JRE (16.0.2+7-67), built on Jun  8 2021 23:24:19 by "mach5one" with MS VC++ 16.7 (VS2019)

END.
