#
# There is insufficient memory for the Java Runtime Environment to continue.
# Native memory allocation (mmap) failed to map 268435456 bytes for G1 virtual space
# Possible reasons:
#   The system is out of physical RAM or swap space
#   The process is running with CompressedOops enabled, and the Java Heap may be blocking the growth of the native heap
# Possible solutions:
#   Reduce memory load on the system
#   Increase physical memory or swap space
#   Check if swap backing store is full
#   Decrease Java heap size (-Xmx/-Xms)
#   Decrease number of Java threads
#   Decrease Java thread stack sizes (-Xss)
#   Set larger code cache with -XX:ReservedCodeCacheSize=
#   JVM is running with Zero Based Compressed Oops mode in which the Java heap is
#     placed in the first 32GB address space. The Java Heap base address is the
#     maximum limit for the native heap growth. Please use -XX:HeapBaseMinAddress
#     to set the Java Heap base and to place the Java Heap above 32GB virtual address.
# This output file may be truncated or incomplete.
#
#  Out of Memory Error (os_windows.cpp:3466), pid=24748, tid=28624
#
# JRE version:  (16.0.2+7) (build )
# Java VM: Java HotSpot(TM) 64-Bit Server VM (16.0.2+7-67, mixed mode, sharing, tiered, compressed oops, compressed class ptrs, g1 gc, windows-amd64)
# No core dump will be written. Minidumps are not enabled by default on client versions of Windows
#

---------------  S U M M A R Y ------------

Command Line: -XX:TieredStopAtLevel=1 -Dspring.output.ansi.enabled=always -Dcom.sun.management.jmxremote -Dspring.jmx.enabled=true -Dspring.liveBeansView.mbeanDomain -Dspring.application.admin.enabled=true -Dmanagement.endpoints.jmx.exposure.include=* -javaagent:E:\JetBrains\IntelliJ IDEA 2023.1\lib\idea_rt.jar=52600:E:\JetBrains\IntelliJ IDEA 2023.1\bin -Dfile.encoding=UTF-8 top.kuoer.PreloadApplication

Host: Intel(R) Core(TM) i5-7300HQ CPU @ 2.50GHz, 4 cores, 15G,  Windows 10 , 64 bit Build 19041 (10.0.19041.2913)
Time: Tue May  9 22:19:58 2023  Windows 10 , 64 bit Build 19041 (10.0.19041.2913) elapsed time: 0.019013 seconds (0d 0h 0m 0s)

---------------  T H R E A D  ---------------

Current thread (0x000002857319c7e0):  JavaThread "Unknown thread" [_thread_in_vm, id=28624, stack(0x00000098ffd00000,0x00000098ffe00000)]

Stack: [0x00000098ffd00000,0x00000098ffe00000]
Native frames: (J=compiled Java code, j=interpreted, Vv=VM code, C=native code)
V  [jvm.dll+0x6681ca]
V  [jvm.dll+0x7c9e69]
V  [jvm.dll+0x7cb61e]
V  [jvm.dll+0x7cbc73]
V  [jvm.dll+0x242c55]
V  [jvm.dll+0x664f89]
V  [jvm.dll+0x659b75]
V  [jvm.dll+0x2fbfbb]
V  [jvm.dll+0x3031b6]
V  [jvm.dll+0x35299e]
V  [jvm.dll+0x352bcf]
V  [jvm.dll+0x2d3028]
V  [jvm.dll+0x2d4264]
V  [jvm.dll+0x79c741]
V  [jvm.dll+0x360791]
V  [jvm.dll+0x77a3f0]
V  [jvm.dll+0x3e4e8f]
V  [jvm.dll+0x3e6961]
C  [jli.dll+0x52fb]
C  [ucrtbase.dll+0x21bb2]
C  [KERNEL32.DLL+0x17614]
C  [ntdll.dll+0x526a1]


---------------  P R O C E S S  ---------------

Threads class SMR info:
_java_thread_list=0x00007ffdeed6cbb8, length=0, elements={
}

Java Threads: ( => current thread )

Other Threads:
  0x00000285731ec2a0 GCTaskThread "GC Thread#0" [stack: 0x00000098ffe00000,0x00000098fff00000] [id=2436]
  0x00000285731ff150 ConcurrentGCThread "G1 Main Marker" [stack: 0x00000098fff00000,0x0000009900000000] [id=14076]
  0x0000028573200360 ConcurrentGCThread "G1 Conc#0" [stack: 0x0000009880000000,0x0000009880100000] [id=29392]

[error occurred during error reporting (printing all threads), id 0xc0000005, EXCEPTION_ACCESS_VIOLATION (0xc0000005) at pc=0x00007ffdee543ee7]

VM state: not at safepoint (not fully initialized)

VM Mutex/Monitor currently owned by a thread:  ([mutex/lock_event])
[0x0000028573199590] Heap_lock - owner thread: 0x000002857319c7e0

Heap address: 0x0000000701a00000, size: 4070 MB, Compressed Oops mode: Zero based, Oop shift amount: 3

CDS archive(s) mapped at: [0x0000000000000000-0x0000000000000000-0x0000000000000000), size 0, SharedBaseAddress: 0x0000000800000000, ArchiveRelocationMode: 0.
Narrow klass base: 0x0000000000000000, Narrow klass shift: 0, Narrow klass range: 0x0

GC Precious Log:
<Empty>

Heap:
 garbage-first heap   total 0K, used 0K [0x0000000701a00000, 0x0000000800000000)
  region size 2048K, 0 young (0K), 0 survivors (0K)

[error occurred during error reporting (printing heap information), id 0xc0000005, EXCEPTION_ACCESS_VIOLATION (0xc0000005) at pc=0x00007ffdee921eed]

GC Heap History (0 events):
No events

Deoptimization events (0 events):
No events

Classes unloaded (0 events):
No events

Classes redefined (0 events):
No events

Internal exceptions (0 events):
No events

Events (1 events):
Event: 0.013 Loaded shared library E:\Java\jdk-16.0.2\bin\java.dll


Dynamic libraries:
0x00007ff6cb3d0000 - 0x00007ff6cb3e0000 	E:\Java\jdk-16.0.2\bin\java.exe
0x00007ffe44b30000 - 0x00007ffe44d28000 	C:\WINDOWS\SYSTEM32\ntdll.dll
0x00007ffe43ab0000 - 0x00007ffe43b6f000 	C:\WINDOWS\System32\KERNEL32.DLL
0x00007ffe42840000 - 0x00007ffe42b36000 	C:\WINDOWS\System32\KERNELBASE.dll
0x00007ffe426e0000 - 0x00007ffe427e0000 	C:\WINDOWS\System32\ucrtbase.dll
0x00007ffe3bbe0000 - 0x00007ffe3bbf9000 	E:\Java\jdk-16.0.2\bin\VCRUNTIME140.dll
0x00007ffe3bc10000 - 0x00007ffe3bc28000 	E:\Java\jdk-16.0.2\bin\jli.dll
0x00007ffe43ec0000 - 0x00007ffe43f6f000 	C:\WINDOWS\System32\ADVAPI32.dll
0x00007ffe43e20000 - 0x00007ffe43ebe000 	C:\WINDOWS\System32\msvcrt.dll
0x00007ffe43d80000 - 0x00007ffe43e1c000 	C:\WINDOWS\System32\sechost.dll
0x00007ffe43880000 - 0x00007ffe439a6000 	C:\WINDOWS\System32\RPCRT4.dll
0x00007ffe42b90000 - 0x00007ffe42d2d000 	C:\WINDOWS\System32\USER32.dll
0x00007ffe427e0000 - 0x00007ffe42802000 	C:\WINDOWS\System32\win32u.dll
0x00007ffe43a10000 - 0x00007ffe43a3c000 	C:\WINDOWS\System32\GDI32.dll
0x00007ffe42210000 - 0x00007ffe42325000 	C:\WINDOWS\System32\gdi32full.dll
0x00007ffe42640000 - 0x00007ffe426dd000 	C:\WINDOWS\System32\msvcp_win.dll
0x00007ffe2dad0000 - 0x00007ffe2dd6a000 	C:\WINDOWS\WinSxS\amd64_microsoft.windows.common-controls_6595b64144ccf1df_6.0.19041.1110_none_60b5254171f9507e\COMCTL32.dll
0x00007ffe35330000 - 0x00007ffe3533a000 	C:\WINDOWS\SYSTEM32\VERSION.dll
0x00007ffe441e0000 - 0x00007ffe44210000 	C:\WINDOWS\System32\IMM32.DLL
0x00007ffe3d7f0000 - 0x00007ffe3d7fc000 	E:\Java\jdk-16.0.2\bin\vcruntime140_1.dll
0x00007ffe1e740000 - 0x00007ffe1e7d1000 	E:\Java\jdk-16.0.2\bin\msvcp140.dll
0x00007ffdee260000 - 0x00007ffdeee0b000 	E:\Java\jdk-16.0.2\bin\server\jvm.dll
0x00007ffe44210000 - 0x00007ffe44218000 	C:\WINDOWS\System32\PSAPI.DLL
0x00007ffe2a2a0000 - 0x00007ffe2a2a9000 	C:\WINDOWS\SYSTEM32\WSOCK32.dll
0x00007ffe43a40000 - 0x00007ffe43aab000 	C:\WINDOWS\System32\WS2_32.dll
0x00007ffe2e800000 - 0x00007ffe2e827000 	C:\WINDOWS\SYSTEM32\WINMM.dll
0x00007ffe40a20000 - 0x00007ffe40a32000 	C:\WINDOWS\SYSTEM32\kernel.appcore.dll
0x00007ffe3d7b0000 - 0x00007ffe3d7ba000 	E:\Java\jdk-16.0.2\bin\jimage.dll
0x00007ffe40690000 - 0x00007ffe40874000 	C:\WINDOWS\SYSTEM32\DBGHELP.DLL
0x00007ffe297b0000 - 0x00007ffe297e4000 	C:\WINDOWS\SYSTEM32\dbgcore.DLL
0x00007ffe42490000 - 0x00007ffe42512000 	C:\WINDOWS\System32\bcryptPrimitives.dll
0x00007ffe3c070000 - 0x00007ffe3c07e000 	E:\Java\jdk-16.0.2\bin\instrument.dll
0x00007ffe39f20000 - 0x00007ffe39f45000 	E:\Java\jdk-16.0.2\bin\java.dll

dbghelp: loaded successfully - version: 4.0.5 - missing functions: none
symbol engine: initialized successfully - sym options: 0x614 - pdb path: .;E:\Java\jdk-16.0.2\bin;C:\WINDOWS\SYSTEM32;C:\WINDOWS\WinSxS\amd64_microsoft.windows.common-controls_6595b64144ccf1df_6.0.19041.1110_none_60b5254171f9507e;E:\Java\jdk-16.0.2\bin\server

VM Arguments:
jvm_args: -XX:TieredStopAtLevel=1 -Dspring.output.ansi.enabled=always -Dcom.sun.management.jmxremote -Dspring.jmx.enabled=true -Dspring.liveBeansView.mbeanDomain -Dspring.application.admin.enabled=true -Dmanagement.endpoints.jmx.exposure.include=* -javaagent:E:\JetBrains\IntelliJ IDEA 2023.1\lib\idea_rt.jar=52600:E:\JetBrains\IntelliJ IDEA 2023.1\bin -Dfile.encoding=UTF-8 
java_command: top.kuoer.PreloadApplication
java_class_path (initial): C:\Users\Ning\Desktop\Kuoer's Blog\Preload\target\classes;C:\Users\Ning\.m2\repository\net\sourceforge\htmlunit\htmlunit\2.70.0\htmlunit-2.70.0.jar;C:\Users\Ning\.m2\repository\org\apache\httpcomponents\httpmime\4.5.14\httpmime-4.5.14.jar;C:\Users\Ning\.m2\repository\org\apache\httpcomponents\httpclient\4.5.14\httpclient-4.5.14.jar;C:\Users\Ning\.m2\repository\org\apache\httpcomponents\httpcore\4.4.16\httpcore-4.4.16.jar;C:\Users\Ning\.m2\repository\net\sourceforge\htmlunit\htmlunit-core-js\2.70.0\htmlunit-core-js-2.70.0.jar;C:\Users\Ning\.m2\repository\net\sourceforge\htmlunit\neko-htmlunit\2.70.0\neko-htmlunit-2.70.0.jar;C:\Users\Ning\.m2\repository\net\sourceforge\htmlunit\htmlunit-cssparser\1.14.0\htmlunit-cssparser-1.14.0.jar;C:\Users\Ning\.m2\repository\net\sourceforge\htmlunit\htmlunit-xpath\2.70.0\htmlunit-xpath-2.70.0.jar;C:\Users\Ning\.m2\repository\org\apache\commons\commons-lang3\3.12.0\commons-lang3-3.12.0.jar;C:\Users\Ning\.m2\repository\org\apache\commons\commons-text\1.10.0\commons-text-1.10.0.jar;C:\Users\Ning\.m2\repository\commons-io\commons-io\2.10.0\commons-io-2.10.0.jar;C:\Users\Ning\.m2\repository\commons-logging\commons-logging\1.2\commons-logging-1.2.jar;C:\Users\Ning\.m2\repository\commons-net\commons-net\3.9.0\commons-net-3.9.0.jar;C:\Users\Ning\.m2\repository\commons-codec\commons-codec\1.15\commons-codec-1.15.jar;C:\Users\Ning\.m2\repository\org\brotli\dec\0.1.2\dec-0.1.2.jar;C:\Users\Ning\.m2\repository\com\shapesecurity\salvation2\3.0.1\salvation2-3.0.1.jar;C:\Users\Ning\.m2\repository\org\eclipse\jetty\websocket\websocket-client\9.4.50.v20221201\websocket-client-9.4.50.v20221201.jar;C:\Users\Ning\.m2\repository\org\eclipse\jetty\jetty-client\9.4.50.v20221201\jetty-client-9.4.50.v20221201.jar;C:\Users\Ning\.m2\repository\org\eclipse\jetty\jetty-util\9.4.50.v20221201\jetty-util-9.4.50.v20221201.jar;C:\Users\Ning\.m2\repository\org\eclipse\jetty\jetty-io\9.4.50.v20221201\jetty-io-9.4.50.v20221201.jar;C:\Users
Launcher Type: SUN_STANDARD

[Global flags]
     intx CICompilerCount                          = 3                                         {product} {ergonomic}
     uint ConcGCThreads                            = 1                                         {product} {ergonomic}
     uint G1ConcRefinementThreads                  = 4                                         {product} {ergonomic}
   size_t G1HeapRegionSize                         = 2097152                                   {product} {ergonomic}
    uintx GCDrainStackTargetSize                   = 64                                        {product} {ergonomic}
   size_t InitialHeapSize                          = 268435456                                 {product} {ergonomic}
     bool ManagementServer                         = true                                      {product} {command line}
   size_t MarkStackSize                            = 4194304                                   {product} {ergonomic}
   size_t MaxHeapSize                              = 4267704320                                {product} {ergonomic}
   size_t MinHeapDeltaBytes                        = 2097152                                   {product} {ergonomic}
   size_t MinHeapSize                              = 8388608                                   {product} {ergonomic}
    uintx NonNMethodCodeHeapSize                   = 6973028                                {pd product} {ergonomic}
    uintx NonProfiledCodeHeapSize                  = 244685212                              {pd product} {ergonomic}
    uintx ProfiledCodeHeapSize                     = 0                                      {pd product} {ergonomic}
    uintx ReservedCodeCacheSize                    = 251658240                              {pd product} {ergonomic}
     bool SegmentedCodeCache                       = true                                      {product} {ergonomic}
   size_t SoftMaxHeapSize                          = 4267704320                             {manageable} {ergonomic}
     intx TieredStopAtLevel                        = 1                                         {product} {command line}
     bool UseCompressedClassPointers               = true                           {product lp64_product} {ergonomic}
     bool UseCompressedOops                        = true                           {product lp64_product} {ergonomic}
     bool UseG1GC                                  = true                                      {product} {ergonomic}
     bool UseLargePagesIndividualAllocation        = false                                  {pd product} {ergonomic}

Logging:
Log output configuration:
 #0: stdout all=warning uptime,level,tags
 #1: stderr all=off uptime,level,tags

Environment Variables:
JAVA_HOME=E:\Java\jdk-16.0.2
PATH=C:\Windows;C:\Windows\System32;C:\WINDOWS\system32;C:\WINDOWS;C:\WINDOWS\System32\Wbem;C:\WINDOWS\System32\WindowsPowerShell\v1.0\;C:\WINDOWS\System32\OpenSSH\;E:\miniconda3\envs\cf\Lib\site-packages\pywin32_system32;C:\Program Files (x86)\NVIDIA Corporation\PhysX\Common;C:\Program Files\NVIDIA Corporation\NVIDIA NvDLISR;C:\WINDOWS\system32;C:\WINDOWS;C:\WINDOWS\System32\Wbem;C:\WINDOWS\System32\WindowsPowerShell\v1.0\;C:\WINDOWS\System32\OpenSSH\;D:\Xshell 7\;E:\Git\cmd;E:\Java\jre1.8.0_171\bin;E:\miniconda3;E:\miniconda3\Library\mingw-w64\bin;E:\miniconda3\Library\usr\bin;E:\miniconda3\Library\bin;E:\miniconda3\Scripts;C:\Users\Ning\AppData\Local\Microsoft\WindowsApps;E:\Microsoft VS Code\bin;C:\Users\Ning\AppData\Roaming\npm;E:\JetBrains\IntelliJ IDEA 2022.2.2\bin;D:\Oracle\VirtualBox;E:\nodejs\;C:\Program Files\dotnet\;;D:\Tencent\微信web开发者工具\dll;E:\miniconda3;E:\miniconda3\Library\mingw-w64\bin;E:\miniconda3\Library\usr\bin;E:\miniconda3\Library\bin;E:\miniconda3\Scripts;C:\Users\Ning\AppData\Local\Microsoft\WindowsApps;E:\Microsoft VS Code\bin;E:\JetBrains\IntelliJ IDEA 2023.1\bin;;C:\Users\Ning\AppData\Roaming\npm
USERNAME=Ning
OS=Windows_NT
PROCESSOR_IDENTIFIER=Intel64 Family 6 Model 158 Stepping 9, GenuineIntel



---------------  S Y S T E M  ---------------

OS:
 Windows 10 , 64 bit Build 19041 (10.0.19041.2913)
OS uptime: 1 days 0:31 hours
Hyper-V role detected

CPU: total 4 (initial active 4) (4 cores per cpu, 1 threads per core) family 6 model 158 stepping 9 microcode 0xb4, cx8, cmov, fxsr, mmx, 3dnowpref, sse, sse2, sse3, ssse3, sse4.1, sse4.2, popcnt, lzcnt, tsc, tscinvbit, avx, avx2, aes, erms, clmul, bmi1, bmi2, adx, fma, vzeroupper, clflush, clflushopt, hv

Memory: 4k page, system-wide physical 16276M (4051M free)
TotalPageFile size 16276M (AvailPageFile size 202M)
current process WorkingSet (physical memory assigned to process): 10M, peak: 10M
current process commit charge ("private bytes"): 49M, peak: 305M

vm_info: Java HotSpot(TM) 64-Bit Server VM (16.0.2+7-67) for windows-amd64 JRE (16.0.2+7-67), built on Jun  8 2021 23:24:19 by "mach5one" with MS VC++ 16.7 (VS2019)

END.
